<testsuites id="" name="" tests="10" failures="0" skipped="0" errors="0" time="25.804389000000004">
<testsuite name="e2e/matches/vitalicios/reservaInterna/reservaGeneralesConValidacion.spec.ts" timestamp="2025-08-01T16:52:43.536Z" hostname="chromium" tests="1" failures="0" skipped="0" time="15.502" errors="0">
<testcase name="Vitalicios Reserva Interna Generales" classname="e2e/matches/vitalicios/reservaInterna/reservaGeneralesConValidacion.spec.ts" time="15.502">
</testcase>
</testsuite>
<testsuite name="e2e/matches/vitalicios/reservaInterna/reservaPlateasConValidacion.spec.ts" timestamp="2025-08-01T16:52:43.536Z" hostname="chromium" tests="1" failures="0" skipped="0" time="16.501" errors="0">
<testcase name="Vitalicios Reserva Interna Plateas" classname="e2e/matches/vitalicios/reservaInterna/reservaPlateasConValidacion.spec.ts" time="16.501">
</testcase>
</testsuite>
<testsuite name="e2e/matches/vitalicios/reservaInterna/socioActivoCuotaNo.spec.ts" timestamp="2025-08-01T16:52:43.536Z" hostname="chromium" tests="1" failures="0" skipped="0" time="8.22" errors="0">
<testcase name="Socio activo cuota no visualice productos de Vitalicios " classname="e2e/matches/vitalicios/reservaInterna/socioActivoCuotaNo.spec.ts" time="8.22">
</testcase>
</testsuite>
<testsuite name="e2e/matches/vitalicios/reservaInterna/socioAdherenteNo.spec.ts" timestamp="2025-08-01T16:52:43.536Z" hostname="chromium" tests="1" failures="0" skipped="0" time="7.829" errors="0">
<testcase name="Socio adherente no visualice productos de Vitalicios " classname="e2e/matches/vitalicios/reservaInterna/socioAdherenteNo.spec.ts" time="7.829">
</testcase>
</testsuite>
<testsuite name="e2e/matches/vitalicios/reservaInterna/socioVitaAbonoNo.spec.ts" timestamp="2025-08-01T16:52:43.536Z" hostname="chromium" tests="1" failures="0" skipped="0" time="4.205" errors="0">
<testcase name="Socio Vitalicios Abono no visualice productos de Vitalicios " classname="e2e/matches/vitalicios/reservaInterna/socioVitaAbonoNo.spec.ts" time="4.205">
</testcase>
</testsuite>
<testsuite name="e2e/matches/vitalicios/reservaWeb/reservaGeneralesConValidacion.spec.ts" timestamp="2025-08-01T16:52:43.536Z" hostname="chromium" tests="1" failures="0" skipped="0" time="12.234" errors="0">
<testcase name="Vitalicios Reserva Generales" classname="e2e/matches/vitalicios/reservaWeb/reservaGeneralesConValidacion.spec.ts" time="12.234">
</testcase>
</testsuite>
<testsuite name="e2e/matches/vitalicios/reservaWeb/reservaPlateasConValidacion.spec.ts" timestamp="2025-08-01T16:52:43.536Z" hostname="chromium" tests="1" failures="0" skipped="0" time="12.879" errors="0">
<testcase name="Vitalicios Reserva Plateas" classname="e2e/matches/vitalicios/reservaWeb/reservaPlateasConValidacion.spec.ts" time="12.879">
</testcase>
</testsuite>
<testsuite name="e2e/matches/vitalicios/reservaWeb/socioActivoCuotaNo.spec.ts" timestamp="2025-08-01T16:52:43.536Z" hostname="chromium" tests="1" failures="0" skipped="0" time="3.864" errors="0">
<testcase name="Socio activo cuota no visualice productos de Vitalicios " classname="e2e/matches/vitalicios/reservaWeb/socioActivoCuotaNo.spec.ts" time="3.864">
</testcase>
</testsuite>
<testsuite name="e2e/matches/vitalicios/reservaWeb/socioAdherenteNo.spec.ts" timestamp="2025-08-01T16:52:43.536Z" hostname="chromium" tests="1" failures="0" skipped="0" time="3.971" errors="0">
<testcase name="Socio adherente no visualice productos de Vitalicios " classname="e2e/matches/vitalicios/reservaWeb/socioAdherenteNo.spec.ts" time="3.971">
</testcase>
</testsuite>
<testsuite name="e2e/matches/vitalicios/reservaWeb/socioVitaAbonoNo.spec.ts" timestamp="2025-08-01T16:52:43.536Z" hostname="chromium" tests="1" failures="0" skipped="0" time="3.351" errors="0">
<testcase name="Socio Vitalicios Abono no visualice productos de Vitalicios " classname="e2e/matches/vitalicios/reservaWeb/socioVitaAbonoNo.spec.ts" time="3.351">
</testcase>
</testsuite>
</testsuites>